<?xml version="1.0" encoding="UTF-8"?>
<testsuites name="TestSuite1" time="10" tests="1" failures="0" errors="0">
   <testsuite name="TestSuite1" tests="1" failures="0" errors="0" time="10" timestamp="2018-08-21 12:35:36" hostname="mvilarde - BCN-9BC71G2.usersad.everis.int" id="Test Suites/TestSuite1">
      <properties>
         <property name="deviceName" value=""/>
         <property name="devicePlatform" value=""/>
         <property name="logFolder" value="C:\\Users\\mvilarde\\Katalon Studio\\Test1\\Reports\\TestSuite1\\20180821_123533"/>
         <property name="logFiles" value="C:\\Users\\mvilarde\\Katalon Studio\\Test1\\Reports\\TestSuite1\\20180821_123533\\execution0.log"/>
         <property name="attachments" value=""/>
         <property name="hostName" value="mvilarde - BCN-9BC71G2.usersad.everis.int"/>
         <property name="os" value="Windows 10 64bit"/>
         <property name="katalonVersion" value="5.6.0.1"/>
         <property name="browser" value="Chrome 68.0.3440.106"/>
         <property name="hostAddress" value="192.168.0.159"/>
         <property name="sessionId" value="62293bbea0489076dd128ff9c60ece45"/>
         <property name="seleniumVersion" value="3.7.1"/>
         <property name="proxyInformation" value="ProxyInformation{proxyOption=USE_SYSTEM, proxyServerType=HTTP, password=, proxyServerAddress=, proxyServerPort=0}"/>
         <property name="platform" value="Windows 10"/>
      </properties>
      <testcase name="Test Cases/TestCase1" classname="Test Cases/TestCase1" status="PASSED">
         <system-out><![CDATA[2018-08-21 12:35:36 - [TEST_CASE][PASSED] - Test Cases/TestCase1: Test Cases/TestCase1

2018-08-21 12:35:37 - [TEST_STEP][PASSED] - openBrowser: Browser is opened with url: ''

2018-08-21 12:35:41 - [MESSAGE][PASSED] - Browser is opened with url: ''

2018-08-21 12:35:41 - [TEST_STEP][PASSED] - navigateToUrl: Navigate to 'http://demoaut.katalon.com/' successfully

2018-08-21 12:35:43 - [MESSAGE][PASSED] - Navigate to 'http://demoaut.katalon.com/' successfully

2018-08-21 12:35:43 - [TEST_STEP][PASSED] - click: Object: 'Object Repository/Test1/Page_CURA Healthcare Service/a_Make Appointment' is clicked on

2018-08-21 12:35:44 - [MESSAGE][PASSED] - Object: 'Object Repository/Test1/Page_CURA Healthcare Service/a_Make Appointment' is clicked on

2018-08-21 12:35:44 - [TEST_STEP][PASSED] - setText: Text 'John Doe' is set on object 'Object Repository/Test1/Page_CURA Healthcare Service/input_username'

2018-08-21 12:35:44 - [MESSAGE][PASSED] - Text 'John Doe' is set on object 'Object Repository/Test1/Page_CURA Healthcare Service/input_username'

2018-08-21 12:35:44 - [TEST_STEP][PASSED] - setEncryptedText: Text ****** has been set on object 'Object Repository/Test1/Page_CURA Healthcare Service/input_password'

2018-08-21 12:35:44 - [MESSAGE][PASSED] - Text ****** has been set on object 'Object Repository/Test1/Page_CURA Healthcare Service/input_password'

2018-08-21 12:35:44 - [TEST_STEP][PASSED] - click: Object: 'Object Repository/Test1/Page_CURA Healthcare Service/button_Login' is clicked on

2018-08-21 12:35:45 - [MESSAGE][PASSED] - Object: 'Object Repository/Test1/Page_CURA Healthcare Service/button_Login' is clicked on

2018-08-21 12:35:45 - [TEST_STEP][PASSED] - click: Object: 'Object Repository/Test1/Page_CURA Healthcare Service/a_menu-toggle' is clicked on

2018-08-21 12:35:45 - [MESSAGE][PASSED] - Object: 'Object Repository/Test1/Page_CURA Healthcare Service/a_menu-toggle' is clicked on

2018-08-21 12:35:45 - [TEST_STEP][PASSED] - click: Object: 'Object Repository/Test1/Page_CURA Healthcare Service/a_Logout' is clicked on

2018-08-21 12:35:46 - [MESSAGE][PASSED] - Object: 'Object Repository/Test1/Page_CURA Healthcare Service/a_Logout' is clicked on

2018-08-21 12:35:46 - [TEST_STEP][PASSED] - closeBrowser: Browser is closed

2018-08-21 12:35:47 - [MESSAGE][PASSED] - Browser is closed]]></system-out>
         <system-err><![CDATA[]]></system-err>
      </testcase>
      <system-out><![CDATA[2018-08-21 12:35:36 - [TEST_SUITE][PASSED] - TestSuite1: Test Cases/TestCase1]]></system-out>
      <system-err><![CDATA[]]></system-err>
   </testsuite>
</testsuites>
